----------------------------------------
Exception occurred during processing of request from ('47.253.4.207', 17459)
Traceback (most recent call last):
  File "/usr/lib/python3.10/socketserver.py", line 316, in _handle_request_noblock
    self.process_request(request, client_address)
  File "/usr/lib/python3.10/socketserver.py", line 347, in process_request
    self.finish_request(request, client_address)
  File "/usr/lib/python3.10/socketserver.py", line 360, in finish_request
    self.RequestHandlerClass(request, client_address, self)
  File "/usr/lib/python3.10/socketserver.py", line 747, in __init__
    self.handle()
  File "/usr/lib/python3.10/http/server.py", line 433, in handle
    self.handle_one_request()
  File "/usr/lib/python3.10/http/server.py", line 421, in handle_one_request
    method()
  File "/home/ubuntu/.openclaw/workspace/fleet/services/plato.py", line 321, in do_GET
    self._send_json(room)
  File "/home/ubuntu/.openclaw/workspace/fleet/services/plato.py", line 212, in _send_json
    self.wfile.write(json.dumps(data, indent=2).encode())
  File "/usr/lib/python3.10/socketserver.py", line 826, in write
    self._sock.sendall(b)
BrokenPipeError: [Errno 32] Broken pipe
----------------------------------------
